<<< 2018-10-18 12:36:34.103565 ---- Log file created >>>
<<< 2018-10-18 12:36:34.105565 ---- Starting Main Flow >>>
<<< 2018-10-18 12:36:34.107567 ---- Starting ALU Generator >>>
<<< 2018-10-18 12:36:34.108568 ---- Configuration File Imported >>>
<<< 2018-10-18 12:36:34.112565 ---- Mapping ALU Structure >>>
<<< 2018-10-18 12:36:34.114567 ---- Creating ALU Structure >>>
<<< 2018-10-18 12:36:34.121567 ---- ALU Structure Created >>>
<<< 2018-10-18 12:36:34.124570 ---- Creating ALU.sv >>>
<<< 2018-10-18 12:36:34.126573 ---- Reading ALU Template >>>
<<< 2018-10-18 12:36:34.129566 ---- File Generated >>>
<<< 2018-10-18 12:36:34.132589 ---- Starting Control Generator >>>
<<< 2018-10-18 12:36:34.134577 ---- Configuration File Imported >>>
<<< 2018-10-18 12:36:34.137571 ---- Mapping Control Structure >>>
<<< 2018-10-18 12:36:34.139571 ---- Creating Control Structure >>>
<<< 2018-10-18 12:36:34.145566 ---- Control Structure Created >>>
<<< 2018-10-18 12:36:34.152568 ---- Creating Control.sv >>>
<<< 2018-10-18 12:36:34.154571 ---- Reading Control Template >>>
<<< 2018-10-18 12:36:34.157570 ---- File Generated >>>
<<< 2018-10-18 12:36:34.159570 ---- Execution Complete >>>
<<< 2018-10-18 15:14:28.008988 ---- Starting Main Flow >>>
<<< 2018-10-18 15:14:28.010986 ---- Starting ALU Generator >>>
<<< 2018-10-18 15:14:28.011990 ---- Configuration File Imported >>>
<<< 2018-10-18 15:14:28.030984 ---- Mapping ALU Structure >>>
<<< 2018-10-18 15:14:28.032983 ---- Creating ALU Structure >>>
<<< 2018-10-18 15:14:28.038982 ---- ALU Structure Created >>>
<<< 2018-10-18 15:14:28.042985 ---- Creating ALU.sv >>>
<<< 2018-10-18 15:14:28.044981 ---- Reading ALU Template >>>
<<< 2018-10-18 15:14:28.047984 ---- File Generated >>>
<<< 2018-10-18 15:14:28.048984 ---- Starting Control Generator >>>
<<< 2018-10-18 15:14:28.050989 ---- Configuration File Imported >>>
<<< 2018-10-18 15:14:28.053988 ---- Mapping Control Structure >>>
<<< 2018-10-18 15:14:28.055984 ---- Creating Control Structure >>>
<<< 2018-10-18 15:14:28.064988 ---- Control Structure Created >>>
<<< 2018-10-18 15:14:28.068991 ---- Creating Control.sv >>>
<<< 2018-10-18 15:14:28.069983 ---- Reading Control Template >>>
<<< 2018-10-18 15:14:28.072985 ---- File Generated >>>
<<< 2018-10-18 15:15:53.854529 ---- Starting Main Flow >>>
<<< 2018-10-18 15:15:53.855532 ---- Starting ALU Generator >>>
<<< 2018-10-18 15:15:53.857526 ---- Configuration File Imported >>>
<<< 2018-10-18 15:15:53.860534 ---- Mapping ALU Structure >>>
<<< 2018-10-18 15:15:53.861525 ---- Creating ALU Structure >>>
<<< 2018-10-18 15:15:53.870527 ---- ALU Structure Created >>>
<<< 2018-10-18 15:15:53.874530 ---- Creating ALU.sv >>>
<<< 2018-10-18 15:15:53.875538 ---- Reading ALU Template >>>
<<< 2018-10-18 15:15:53.877527 ---- File Generated >>>
<<< 2018-10-18 15:15:53.880531 ---- Starting Control Generator >>>
<<< 2018-10-18 15:15:53.882531 ---- Configuration File Imported >>>
<<< 2018-10-18 15:15:53.886541 ---- Mapping Control Structure >>>
<<< 2018-10-18 15:15:53.888524 ---- Creating Control Structure >>>
<<< 2018-10-18 15:15:53.895539 ---- Control Structure Created >>>
<<< 2018-10-18 15:15:53.899538 ---- Creating Control.sv >>>
<<< 2018-10-18 15:15:53.901528 ---- Reading Control Template >>>
<<< 2018-10-18 15:15:53.904534 ---- File Generated >>>
<<< 2018-10-18 15:15:53.905531 ---- Starting Instruction Memory Generator >>>
<<< 2018-10-18 15:15:53.907539 ---- Configuration File Imported >>>
<<< 2018-10-18 15:15:53.915542 ---- Execution Complete >>>
<<< 2018-10-18 15:16:14.437491 ---- Starting Main Flow >>>
<<< 2018-10-18 15:16:14.439498 ---- Starting ALU Generator >>>
<<< 2018-10-18 15:16:14.440488 ---- Configuration File Imported >>>
<<< 2018-10-18 15:16:14.444490 ---- Mapping ALU Structure >>>
<<< 2018-10-18 15:16:14.445487 ---- Creating ALU Structure >>>
<<< 2018-10-18 15:16:14.454487 ---- ALU Structure Created >>>
<<< 2018-10-18 15:16:14.458490 ---- Creating ALU.sv >>>
<<< 2018-10-18 15:16:14.460487 ---- Reading ALU Template >>>
<<< 2018-10-18 15:16:14.464489 ---- File Generated >>>
<<< 2018-10-18 15:16:14.468488 ---- Starting Control Generator >>>
<<< 2018-10-18 15:16:14.470488 ---- Configuration File Imported >>>
<<< 2018-10-18 15:16:14.474489 ---- Mapping Control Structure >>>
<<< 2018-10-18 15:16:14.476496 ---- Creating Control Structure >>>
<<< 2018-10-18 15:16:14.485497 ---- Control Structure Created >>>
<<< 2018-10-18 15:16:14.488487 ---- Creating Control.sv >>>
<<< 2018-10-18 15:16:14.490489 ---- Reading Control Template >>>
<<< 2018-10-18 15:16:14.493490 ---- File Generated >>>
<<< 2018-10-18 15:16:14.495493 ---- Starting Instruction Memory Generator >>>
<<< 2018-10-18 15:16:14.497509 ---- Configuration File Imported >>>
<<< 2018-10-18 15:16:14.505494 ---- Execution Complete >>>
<<< 2018-10-18 15:16:26.332671 ---- Starting Main Flow >>>
<<< 2018-10-18 15:16:26.334672 ---- Starting ALU Generator >>>
<<< 2018-10-18 15:16:26.336673 ---- Configuration File Imported >>>
<<< 2018-10-18 15:16:26.340673 ---- Mapping ALU Structure >>>
<<< 2018-10-18 15:16:26.342684 ---- Creating ALU Structure >>>
<<< 2018-10-18 15:16:26.356680 ---- ALU Structure Created >>>
<<< 2018-10-18 15:16:26.360674 ---- Creating ALU.sv >>>
<<< 2018-10-18 15:16:26.362675 ---- Reading ALU Template >>>
<<< 2018-10-18 15:16:26.366674 ---- File Generated >>>
<<< 2018-10-18 15:16:26.371678 ---- Starting Control Generator >>>
<<< 2018-10-18 15:16:26.373675 ---- Configuration File Imported >>>
<<< 2018-10-18 15:16:26.376677 ---- Mapping Control Structure >>>
<<< 2018-10-18 15:16:26.378674 ---- Creating Control Structure >>>
<<< 2018-10-18 15:16:26.387674 ---- Control Structure Created >>>
<<< 2018-10-18 15:16:26.392675 ---- Creating Control.sv >>>
<<< 2018-10-18 15:16:26.394675 ---- Reading Control Template >>>
<<< 2018-10-18 15:16:26.398674 ---- File Generated >>>
<<< 2018-10-18 15:16:26.404677 ---- Starting Instruction Memory Generator >>>
<<< 2018-10-18 15:16:26.406677 ---- Configuration File Imported >>>
<<< 2018-10-18 15:16:26.418680 ---- Execution Complete >>>
<<< 2018-10-18 15:16:33.962731 ---- Starting Main Flow >>>
<<< 2018-10-18 15:16:33.964725 ---- Starting ALU Generator >>>
<<< 2018-10-18 15:16:33.965736 ---- Configuration File Imported >>>
<<< 2018-10-18 15:16:33.969717 ---- Mapping ALU Structure >>>
<<< 2018-10-18 15:16:33.971723 ---- Creating ALU Structure >>>
<<< 2018-10-18 15:16:33.978717 ---- ALU Structure Created >>>
<<< 2018-10-18 15:16:33.981722 ---- Creating ALU.sv >>>
<<< 2018-10-18 15:16:33.982719 ---- Reading ALU Template >>>
<<< 2018-10-18 15:16:33.984722 ---- File Generated >>>
<<< 2018-10-18 15:16:33.986724 ---- Starting Control Generator >>>
<<< 2018-10-18 15:16:33.988719 ---- Configuration File Imported >>>
<<< 2018-10-18 15:16:33.991721 ---- Mapping Control Structure >>>
<<< 2018-10-18 15:16:33.993715 ---- Creating Control Structure >>>
<<< 2018-10-18 15:16:34.001718 ---- Control Structure Created >>>
<<< 2018-10-18 15:16:34.004719 ---- Creating Control.sv >>>
<<< 2018-10-18 15:16:34.005722 ---- Reading Control Template >>>
<<< 2018-10-18 15:16:34.007719 ---- File Generated >>>
<<< 2018-10-18 15:16:34.010737 ---- Starting Instruction Memory Generator >>>
<<< 2018-10-18 15:16:34.013729 ---- Configuration File Imported >>>
<<< 2018-10-18 15:16:34.018722 ---- Execution Complete >>>
<<< 2018-10-18 15:16:40.607101 ---- Starting Main Flow >>>
<<< 2018-10-18 15:16:40.609087 ---- Starting ALU Generator >>>
<<< 2018-10-18 15:16:40.610096 ---- Configuration File Imported >>>
<<< 2018-10-18 15:16:40.613091 ---- Mapping ALU Structure >>>
<<< 2018-10-18 15:16:40.614088 ---- Creating ALU Structure >>>
<<< 2018-10-18 15:16:40.623128 ---- ALU Structure Created >>>
<<< 2018-10-18 15:16:40.627088 ---- Creating ALU.sv >>>
<<< 2018-10-18 15:16:40.629089 ---- Reading ALU Template >>>
<<< 2018-10-18 15:16:40.631089 ---- File Generated >>>
<<< 2018-10-18 15:16:40.633089 ---- Starting Control Generator >>>
<<< 2018-10-18 15:16:40.634092 ---- Configuration File Imported >>>
<<< 2018-10-18 15:16:40.638096 ---- Mapping Control Structure >>>
<<< 2018-10-18 15:16:40.642092 ---- Creating Control Structure >>>
<<< 2018-10-18 15:16:40.649103 ---- Control Structure Created >>>
<<< 2018-10-18 15:16:40.653088 ---- Creating Control.sv >>>
<<< 2018-10-18 15:16:40.656121 ---- Reading Control Template >>>
<<< 2018-10-18 15:16:40.659090 ---- File Generated >>>
<<< 2018-10-18 15:16:40.661094 ---- Starting Instruction Memory Generator >>>
<<< 2018-10-18 15:16:40.663092 ---- Configuration File Imported >>>
<<< 2018-10-18 15:16:40.670089 ---- Execution Complete >>>
<<< 2018-11-11 19:21:00.830994 ---- Starting Main Flow >>>
<<< 2018-11-11 19:21:00.831040 ---- Starting ALU Generator >>>
<<< 2018-11-11 19:21:00.831070 ---- Configuration File Imported >>>
<<< 2018-11-11 19:21:00.831527 ---- Mapping ALU Structure >>>
<<< 2018-11-11 19:21:00.831562 ---- Creating ALU Structure >>>
<<< 2018-11-11 19:21:00.831649 ---- ALU Structure Created >>>
<<< 2018-11-11 19:21:00.831747 ---- Creating ALU.sv >>>
<<< 2018-11-11 19:21:00.831789 ---- Reading ALU Template >>>
<<< 2018-11-11 19:21:00.831890 ---- File Generated >>>
<<< 2018-11-11 19:21:00.831938 ---- Starting Control Generator >>>
<<< 2018-11-11 19:21:00.831965 ---- Configuration File Imported >>>
<<< 2018-11-11 19:21:00.832418 ---- Mapping Control Structure >>>
<<< 2018-11-11 19:21:00.832452 ---- Creating Control Structure >>>
<<< 2018-11-11 19:21:00.832536 ---- Control Structure Created >>>
<<< 2018-11-11 19:21:00.832612 ---- Creating Control.sv >>>
<<< 2018-11-11 19:21:00.832639 ---- Reading Control Template >>>
<<< 2018-11-11 19:21:00.832743 ---- File Generated >>>
<<< 2018-11-11 19:21:00.832788 ---- Starting Instruction Memory Generator >>>
<<< 2018-11-11 19:21:00.832815 ---- Configuration File Imported >>>
<<< 2018-11-11 19:21:00.833245 ---- Execution Complete >>>
